<?xml version="1.0" encoding="UTF-8"?>
<testng-results ignored="0" total="1" passed="1" failed="0" skipped="0">
  <reporter-output>
  </reporter-output>
  <suite started-at="2023-03-13T01:42:47 PDT" name="Suite" finished-at="2023-03-13T01:46:06 PDT" duration-ms="199030">
    <groups>
    </groups>
    <test started-at="2023-03-13T01:42:47 PDT" name="Test" finished-at="2023-03-13T01:46:06 PDT" duration-ms="199030">
      <class name="excelFileExample.RegisterStudentExcelTest">
        <test-method signature="RegistrationDataDrivernTest()[pri:0, instance:excelFileExample.RegisterStudentExcelTest@4e3958e7]" started-at="2023-03-13T01:42:47 PDT" name="RegistrationDataDrivernTest" finished-at="2023-03-13T01:46:06 PDT" duration-ms="198957" status="PASS">
          <reporter-output>
          </reporter-output>
        </test-method> <!-- RegistrationDataDrivernTest -->
      </class> <!-- excelFileExample.RegisterStudentExcelTest -->
    </test> <!-- Test -->
  </suite> <!-- Suite -->
</testng-results>
